<?xml version="1.0" encoding="UTF-8"?>
<!-- Generated by org.testng.reporters.JUnitReportReporter -->
<testsuite skipped="0" hostname="SILICUS508" name="com.mycompany.demoqt.testscripts.TestLogin" tests="5" failures="0" timestamp="04 May 2017 06:17:22 GMT" time="48.749" errors="0">
  <testcase name="testInvalidRecoverPassword" time="10.175" classname="com.mycompany.demoqt.testscripts.TestLogin"/>
  <testcase name="testValidRecoverPassword" time="10.328" classname="com.mycompany.demoqt.testscripts.TestLogin"/>
  <testcase name="testFieldValidation" time="10.063" classname="com.mycompany.demoqt.testscripts.TestLogin"/>
  <testcase name="testLoginPageIsDisplayed" time="6.369" classname="com.mycompany.demoqt.testscripts.TestLogin"/>
  <testcase name="testLogIn" time="11.814" classname="com.mycompany.demoqt.testscripts.TestLogin"/>
</testsuite> <!-- com.mycompany.demoqt.testscripts.TestLogin -->
