<?xml version="1.0" encoding="UTF-8"?>
<!-- Generated by org.testng.reporters.JUnitReportReporter -->
<testsuite skipped="0" hostname="SILICUS508" name="com.mycompany.demoqt.testscripts.CreateAccountAndSignInTest" tests="3" failures="0" timestamp="26 Apr 2017 11:58:13 GMT" time="22.282" errors="0">
  <testcase name="testLoginPageIsDisplayed" time="5.094" classname="com.mycompany.demoqt.testscripts.CreateAccountAndSignInTest"/>
  <testcase name="testValidation" time="8.216" classname="com.mycompany.demoqt.testscripts.CreateAccountAndSignInTest"/>
  <testcase name="testLogIn" time="8.972" classname="com.mycompany.demoqt.testscripts.CreateAccountAndSignInTest"/>
</testsuite> <!-- com.mycompany.demoqt.testscripts.CreateAccountAndSignInTest -->
