<?xml version="1.0" encoding="UTF-8"?>
<!-- Generated by org.testng.reporters.JUnitReportReporter -->
<testsuite skipped="0" hostname="SILICUS508" name="com.mycompany.demoqt.testscripts.CreateAccountAndSignInTest" tests="1" failures="0" timestamp="13 Apr 2017 05:37:35 GMT" time="172.935" errors="0">
  <testcase name="testLogIn" time="172.935" classname="com.mycompany.demoqt.testscripts.CreateAccountAndSignInTest"/>
</testsuite> <!-- com.mycompany.demoqt.testscripts.CreateAccountAndSignInTest -->
