<?xml version="1.0" encoding="UTF-8"?>
<!-- Generated by org.testng.reporters.JUnitReportReporter -->
<testsuite skipped="0" hostname="SILICUS508" name="com.mycompany.demoqt.testscripts.TestSortPageValidation" tests="7" failures="0" timestamp="30 May 2017 08:42:00 GMT" time="55.401" errors="0">
  <testcase name="test_shop_instagram_page_validation" time="1.561" classname="com.mycompany.demoqt.testscripts.TestSortPageValidation"/>
  <testcase name="test_sort_page_validation_under_Shop_dropdown_option" time="8.720" classname="com.mycompany.demoqt.testscripts.TestSortPageValidation"/>
  <testcase name="test_sort_page_validation_under_Shoes_dropdown_option" time="13.315" classname="com.mycompany.demoqt.testscripts.TestSortPageValidation"/>
  <testcase name="test_sort_page_validation_under_Apparel_dropdown_option" time="6.321" classname="com.mycompany.demoqt.testscripts.TestSortPageValidation"/>
  <testcase name="test_sort_page_validation_under_Accessories_dropdpwn_option" time="13.880" classname="com.mycompany.demoqt.testscripts.TestSortPageValidation"/>
  <testcase name="test_our_charity_page_validation" time="2.307" classname="com.mycompany.demoqt.testscripts.TestSortPageValidation"/>
  <testcase name="test_create_your_own_page_validation" time="9.297" classname="com.mycompany.demoqt.testscripts.TestSortPageValidation"/>
</testsuite> <!-- com.mycompany.demoqt.testscripts.TestSortPageValidation -->
