<?xml version="1.0" encoding="UTF-8"?>
<!-- Generated by org.testng.reporters.JUnitReportReporter -->
<testsuite skipped="0" hostname="SILICUS508" name="com.mycompany.demoqt.testscripts.TestLogin" tests="5" failures="0" timestamp="03 May 2017 06:36:28 GMT" time="49.319" errors="0">
  <testcase name="testLogIn" time="11.759" classname="com.mycompany.demoqt.testscripts.TestLogin"/>
  <testcase name="testInvalidRecoverPassword" time="10.221" classname="com.mycompany.demoqt.testscripts.TestLogin"/>
  <testcase name="testLoginPageIsDisplayed" time="6.093" classname="com.mycompany.demoqt.testscripts.TestLogin"/>
  <testcase name="testValidRecoverPassword" time="10.092" classname="com.mycompany.demoqt.testscripts.TestLogin"/>
  <testcase name="testFieldValidation" time="11.154" classname="com.mycompany.demoqt.testscripts.TestLogin"/>
</testsuite> <!-- com.mycompany.demoqt.testscripts.TestLogin -->
