<?xml version="1.0" encoding="UTF-8"?>
<!-- Generated by org.testng.reporters.JUnitReportReporter -->
<testsuite skipped="0" hostname="SILICUS508" name="com.mycompany.demoqt.testscripts.TestSortPageValidation" tests="7" failures="0" timestamp="02 Jun 2017 05:23:28 GMT" time="100.742" errors="0">
  <testcase name="test_sort_page_validation_under_Shoes_dropdown_option" time="19.023" classname="com.mycompany.demoqt.testscripts.TestSortPageValidation"/>
  <testcase name="test_create_your_own_page_validation" time="13.790" classname="com.mycompany.demoqt.testscripts.TestSortPageValidation"/>
  <testcase name="test_our_charity_page_validation" time="6.660" classname="com.mycompany.demoqt.testscripts.TestSortPageValidation"/>
  <testcase name="test_sort_page_validation_under_Accessories_dropdpwn_option" time="24.295" classname="com.mycompany.demoqt.testscripts.TestSortPageValidation"/>
  <testcase name="test_sort_page_validation_under_Apparel_dropdown_option" time="14.331" classname="com.mycompany.demoqt.testscripts.TestSortPageValidation"/>
  <testcase name="test_sort_page_validation_under_Shop_dropdown_option" time="18.920" classname="com.mycompany.demoqt.testscripts.TestSortPageValidation"/>
  <testcase name="test_shop_instagram_page_validation" time="3.723" classname="com.mycompany.demoqt.testscripts.TestSortPageValidation"/>
</testsuite> <!-- com.mycompany.demoqt.testscripts.TestSortPageValidation -->
