<?xml version="1.0" encoding="UTF-8"?>
<!-- Generated by org.testng.reporters.JUnitReportReporter -->
<testsuite skipped="0" hostname="SILICUS508" name="com.mycompany.demoqt.testscripts.CreateAccountAndSignInTest" tests="1" failures="0" timestamp="19 Apr 2017 12:22:41 GMT" time="5.663" errors="0">
  <testcase name="testLogIn" time="5.663" classname="com.mycompany.demoqt.testscripts.CreateAccountAndSignInTest"/>
</testsuite> <!-- com.mycompany.demoqt.testscripts.CreateAccountAndSignInTest -->
