<?xml version="1.0" encoding="UTF-8"?>
<!-- Generated by org.testng.reporters.JUnitReportReporter -->
<testsuite skipped="0" hostname="SILICUS508" name="com.mycompany.demoqt.testscripts.TestDropdown" tests="1" failures="0" timestamp="17 May 2017 09:02:06 GMT" time="3.041" errors="0">
  <testcase name="testShopoption" time="3.041" classname="com.mycompany.demoqt.testscripts.TestDropdown"/>
</testsuite> <!-- com.mycompany.demoqt.testscripts.TestDropdown -->
