<?xml version="1.0" encoding="UTF-8"?>
<!-- Generated by org.testng.reporters.JUnitReportReporter -->
<testsuite skipped="0" hostname="SILICUS339" name="com.mycompany.demoqt.testscripts.DragAndDrop" tests="1" failures="0" timestamp="16 Jun 2017 09:53:38 GMT" time="12.120" errors="0">
  <testcase name="drag" time="12.120" classname="com.mycompany.demoqt.testscripts.DragAndDrop"/>
</testsuite> <!-- com.mycompany.demoqt.testscripts.DragAndDrop -->
